[ 2018-05-09T00:36:01+08:00 ] 223.95.7.163 /gujie/
INFO: [ app_begin ] --START--
INFO: ReadHtmlCache Behavior ::run [ RunTime:0.000294s ]
INFO: [ app_begin ] --END-- [ RunTime:0.000384s ]
INFO: [ view_parse ] --START--
INFO: ParseTemplate Behavior ::run [ RunTime:0.003389s ]
INFO: [ view_parse ] --END-- [ RunTime:0.003430s ]
INFO: [ view_filter ] --START--
NOTIC: [8] Use of undefined constant APP_TMPL_PATH - assumed 'APP_TMPL_PATH' /www/wwwroot/www.sxscott.com/gujie/ThinkPHP/Lib/Behavior/ContentReplaceBehavior.class.php 第 40 行.
NOTIC: [8] Use of undefined constant APP_TMPL_PATH - assumed 'APP_TMPL_PATH' /www/wwwroot/www.sxscott.com/gujie/ThinkPHP/Lib/Behavior/ContentReplaceBehavior.class.php 第 47 行.
INFO: ContentReplace Behavior ::run [ RunTime:0.000277s ]
INFO: TokenBuild Behavior ::run [ RunTime:0.000183s ]
INFO: WriteHtmlCache Behavior ::run [ RunTime:0.000144s ]
INFO: ShowRuntime Behavior ::run [ RunTime:0.000199s ]
INFO: [ view_filter ] --END-- [ RunTime:0.000882s ]
INFO: [ view_end ] --START--
INFO: ShowPageTrace Behavior ::run [ RunTime:0.000292s ]
INFO: [ view_end ] --END-- [ RunTime:0.000321s ]

[ 2018-05-09T00:38:15+08:00 ] 223.95.7.163 /gujie/
INFO: [ app_begin ] --START--
INFO: ReadHtmlCache Behavior ::run [ RunTime:0.000271s ]
INFO: [ app_begin ] --END-- [ RunTime:0.000353s ]

[ 2018-05-09T00:39:47+08:00 ] 223.95.7.163 /gujie/
INFO: [ app_begin ] --START--
INFO: ReadHtmlCache Behavior ::run [ RunTime:0.000272s ]
INFO: [ app_begin ] --END-- [ RunTime:0.000363s ]

[ 2018-05-09T00:50:48+08:00 ] 223.95.7.163 /gujie/
INFO: [ app_begin ] --START--
INFO: ReadHtmlCache Behavior ::run [ RunTime:0.000265s ]
INFO: [ app_begin ] --END-- [ RunTime:0.000342s ]
ERR: Action:json您所请求的方法不存在！

[ 2018-05-09T00:51:24+08:00 ] 223.95.7.163 /gujie/
INFO: [ app_begin ] --START--
INFO: ReadHtmlCache Behavior ::run [ RunTime:0.000362s ]
INFO: [ app_begin ] --END-- [ RunTime:0.000453s ]
ERR: Action:json您所请求的方法不存在！

[ 2018-05-09T00:51:33+08:00 ] 223.95.7.163 /gujie/
INFO: [ app_begin ] --START--
INFO: ReadHtmlCache Behavior ::run [ RunTime:0.000374s ]
INFO: [ app_begin ] --END-- [ RunTime:0.000466s ]

[ 2018-05-09T00:52:03+08:00 ] 223.95.7.163 /gujie/
INFO: [ app_begin ] --START--
INFO: ReadHtmlCache Behavior ::run [ RunTime:0.000306s ]
INFO: [ app_begin ] --END-- [ RunTime:0.000383s ]

[ 2018-05-09T01:07:49+08:00 ] 223.95.7.163 /gujie/
INFO: [ app_begin ] --START--
INFO: ReadHtmlCache Behavior ::run [ RunTime:0.000264s ]
INFO: [ app_begin ] --END-- [ RunTime:0.000316s ]

[ 2018-05-09T01:10:45+08:00 ] 223.95.7.163 /gujie/
INFO: [ app_begin ] --START--
INFO: ReadHtmlCache Behavior ::run [ RunTime:0.000277s ]
INFO: [ app_begin ] --END-- [ RunTime:0.000325s ]

[ 2018-05-09T01:11:58+08:00 ] 223.95.7.163 /gujie/
INFO: [ app_begin ] --START--
INFO: ReadHtmlCache Behavior ::run [ RunTime:0.000279s ]
INFO: [ app_begin ] --END-- [ RunTime:0.000356s ]

[ 2018-05-09T01:21:25+08:00 ] 223.95.7.163 /gujie/index.php
INFO: [ app_begin ] --START--
INFO: ReadHtmlCache Behavior ::run [ RunTime:0.000361s ]
INFO: [ app_begin ] --END-- [ RunTime:0.000409s ]

[ 2018-05-09T01:21:35+08:00 ] 223.95.7.163 /gujie/index.php?name=33
INFO: [ app_begin ] --START--
INFO: ReadHtmlCache Behavior ::run [ RunTime:0.000291s ]
INFO: [ app_begin ] --END-- [ RunTime:0.000340s ]

[ 2018-05-09T01:21:43+08:00 ] 223.95.7.163 /gujie/index.php?name=%2722%27
INFO: [ app_begin ] --START--
INFO: ReadHtmlCache Behavior ::run [ RunTime:0.000264s ]
INFO: [ app_begin ] --END-- [ RunTime:0.000312s ]

[ 2018-05-09T02:04:30+08:00 ] 106.120.160.109 /gujie/
INFO: [ app_begin ] --START--
INFO: ReadHtmlCache Behavior ::run [ RunTime:0.000313s ]
INFO: [ app_begin ] --END-- [ RunTime:0.000364s ]

[ 2018-05-09T10:57:50+08:00 ] 223.95.7.163 /gujie/
INFO: [ app_begin ] --START--
INFO: ReadHtmlCache Behavior ::run [ RunTime:0.000287s ]
INFO: [ app_begin ] --END-- [ RunTime:0.000378s ]

[ 2018-05-09T10:57:51+08:00 ] 223.95.7.163 /gujie/index.php?name=%2722%27
INFO: [ app_begin ] --START--
INFO: ReadHtmlCache Behavior ::run [ RunTime:0.000265s ]
INFO: [ app_begin ] --END-- [ RunTime:0.000328s ]

[ 2018-05-09T12:40:42+08:00 ] 223.95.7.163 /gujie/
INFO: [ app_begin ] --START--
INFO: ReadHtmlCache Behavior ::run [ RunTime:0.000288s ]
INFO: [ app_begin ] --END-- [ RunTime:0.000338s ]

[ 2018-05-09T12:44:25+08:00 ] 223.95.7.163 /gujie/?name=
INFO: [ app_begin ] --START--
INFO: ReadHtmlCache Behavior ::run [ RunTime:0.000370s ]
INFO: [ app_begin ] --END-- [ RunTime:0.000433s ]

[ 2018-05-09T13:14:07+08:00 ] 223.95.7.163 /gujie/
INFO: [ app_begin ] --START--
INFO: ReadHtmlCache Behavior ::run [ RunTime:0.000319s ]
INFO: [ app_begin ] --END-- [ RunTime:0.000368s ]

[ 2018-05-09T13:14:07+08:00 ] 223.95.7.163 /gujie/
INFO: [ app_begin ] --START--
INFO: ReadHtmlCache Behavior ::run [ RunTime:0.000453s ]
INFO: [ app_begin ] --END-- [ RunTime:0.000530s ]

[ 2018-05-09T13:45:25+08:00 ] 119.147.207.144 /gujie/
INFO: [ app_begin ] --START--
INFO: ReadHtmlCache Behavior ::run [ RunTime:0.000332s ]
INFO: [ app_begin ] --END-- [ RunTime:0.000403s ]

[ 2018-05-09T19:25:03+08:00 ] 223.95.7.163 /gujie/?name=
INFO: [ app_begin ] --START--
INFO: ReadHtmlCache Behavior ::run [ RunTime:0.000338s ]
INFO: [ app_begin ] --END-- [ RunTime:0.000393s ]

[ 2018-05-09T20:33:47+08:00 ] 223.95.7.163 /gujie/?name=
INFO: [ app_begin ] --START--
INFO: ReadHtmlCache Behavior ::run [ RunTime:0.000305s ]
INFO: [ app_begin ] --END-- [ RunTime:0.000390s ]

[ 2018-05-09T20:34:08+08:00 ] 223.95.7.163 /gujie/?name=
INFO: [ app_begin ] --START--
INFO: ReadHtmlCache Behavior ::run [ RunTime:0.000267s ]
INFO: [ app_begin ] --END-- [ RunTime:0.000312s ]

[ 2018-05-09T21:56:59+08:00 ] 223.95.7.163 /gujie/?name=sss
INFO: [ app_begin ] --START--
INFO: ReadHtmlCache Behavior ::run [ RunTime:0.000377s ]
INFO: [ app_begin ] --END-- [ RunTime:0.000431s ]
NOTIC: [8] Undefined index: $name /www/wwwroot/www.sxscott.com/gujie/WEB/Lib/Action/IndexAction.class.php 第 5 行.

[ 2018-05-09T21:57:23+08:00 ] 223.95.7.163 /gujie/?name=11
INFO: [ app_begin ] --START--
INFO: ReadHtmlCache Behavior ::run [ RunTime:0.000364s ]
INFO: [ app_begin ] --END-- [ RunTime:0.000414s ]
NOTIC: [8] Undefined index: $name /www/wwwroot/www.sxscott.com/gujie/WEB/Lib/Action/IndexAction.class.php 第 5 行.

[ 2018-05-09T21:58:49+08:00 ] 223.95.7.163 /gujie/?name=11
INFO: [ app_begin ] --START--
INFO: ReadHtmlCache Behavior ::run [ RunTime:0.000308s ]
INFO: [ app_begin ] --END-- [ RunTime:0.000355s ]
NOTIC: [8] Undefined index: $name /www/wwwroot/www.sxscott.com/gujie/WEB/Lib/Action/IndexAction.class.php 第 5 行.

[ 2018-05-09T21:59:03+08:00 ] 223.95.7.163 /gujie/?name=111
INFO: [ app_begin ] --START--
INFO: ReadHtmlCache Behavior ::run [ RunTime:0.000352s ]
INFO: [ app_begin ] --END-- [ RunTime:0.000428s ]
NOTIC: [8] Undefined index: $name /www/wwwroot/www.sxscott.com/gujie/WEB/Lib/Action/IndexAction.class.php 第 5 行.

[ 2018-05-09T21:59:29+08:00 ] 223.95.7.163 /gujie/?name=123
INFO: [ app_begin ] --START--
INFO: ReadHtmlCache Behavior ::run [ RunTime:0.000496s ]
INFO: [ app_begin ] --END-- [ RunTime:0.000553s ]
NOTIC: [8] Undefined index: $name /www/wwwroot/www.sxscott.com/gujie/WEB/Lib/Action/IndexAction.class.php 第 5 行.

[ 2018-05-09T22:02:21+08:00 ] 223.95.7.163 /gujie/?name=123
INFO: [ app_begin ] --START--
INFO: ReadHtmlCache Behavior ::run [ RunTime:0.000290s ]
INFO: [ app_begin ] --END-- [ RunTime:0.000335s ]
NOTIC: [8] Undefined index: $name /www/wwwroot/www.sxscott.com/gujie/WEB/Lib/Action/IndexAction.class.php 第 5 行.

[ 2018-05-09T22:03:45+08:00 ] 223.95.7.163 /gujie/?name=123
INFO: [ app_begin ] --START--
INFO: ReadHtmlCache Behavior ::run [ RunTime:0.000263s ]
INFO: [ app_begin ] --END-- [ RunTime:0.000309s ]
NOTIC: [8] Undefined index: $name /www/wwwroot/www.sxscott.com/gujie/WEB/Lib/Action/IndexAction.class.php 第 5 行.

[ 2018-05-09T22:04:15+08:00 ] 223.95.7.163 /gujie/?name=123
INFO: [ app_begin ] --START--
INFO: ReadHtmlCache Behavior ::run [ RunTime:0.000263s ]
INFO: [ app_begin ] --END-- [ RunTime:0.000310s ]
NOTIC: [8] Undefined index: $name /www/wwwroot/www.sxscott.com/gujie/WEB/Lib/Action/IndexAction.class.php 第 5 行.

[ 2018-05-09T22:05:09+08:00 ] 223.95.7.163 /gujie/?name=123
INFO: [ app_begin ] --START--
INFO: ReadHtmlCache Behavior ::run [ RunTime:0.000280s ]
INFO: [ app_begin ] --END-- [ RunTime:0.000345s ]
NOTIC: [8] Undefined index: $name /www/wwwroot/www.sxscott.com/gujie/WEB/Lib/Action/IndexAction.class.php 第 5 行.

[ 2018-05-09T22:06:46+08:00 ] 223.95.7.163 /gujie/?name=123
INFO: [ app_begin ] --START--
INFO: ReadHtmlCache Behavior ::run [ RunTime:0.000270s ]
INFO: [ app_begin ] --END-- [ RunTime:0.000314s ]
NOTIC: [8] Undefined index: $name /www/wwwroot/www.sxscott.com/gujie/WEB/Lib/Action/IndexAction.class.php 第 5 行.

[ 2018-05-09T22:07:01+08:00 ] 223.95.7.163 /gujie/?name=123
INFO: [ app_begin ] --START--
INFO: ReadHtmlCache Behavior ::run [ RunTime:0.000467s ]
INFO: [ app_begin ] --END-- [ RunTime:0.000547s ]
NOTIC: [8] Undefined index: $name /www/wwwroot/www.sxscott.com/gujie/WEB/Lib/Action/IndexAction.class.php 第 5 行.

[ 2018-05-09T22:07:27+08:00 ] 223.95.7.163 /gujie/?name=123
INFO: [ app_begin ] --START--
INFO: ReadHtmlCache Behavior ::run [ RunTime:0.000287s ]
INFO: [ app_begin ] --END-- [ RunTime:0.000338s ]

[ 2018-05-09T22:07:47+08:00 ] 223.95.7.163 /gujie/?name=1111
INFO: [ app_begin ] --START--
INFO: ReadHtmlCache Behavior ::run [ RunTime:0.000295s ]
INFO: [ app_begin ] --END-- [ RunTime:0.000340s ]

[ 2018-05-09T22:07:53+08:00 ] 223.95.7.163 /gujie/?name=666666666666666666
INFO: [ app_begin ] --START--
INFO: ReadHtmlCache Behavior ::run [ RunTime:0.000383s ]
INFO: [ app_begin ] --END-- [ RunTime:0.000433s ]

[ 2018-05-09T22:10:13+08:00 ] 223.95.7.163 /gujie/?name=123
INFO: [ app_begin ] --START--
INFO: ReadHtmlCache Behavior ::run [ RunTime:0.000297s ]
INFO: [ app_begin ] --END-- [ RunTime:0.000373s ]

[ 2018-05-09T22:12:21+08:00 ] 223.95.7.163 /gujie/?name=123
INFO: [ app_begin ] --START--
INFO: ReadHtmlCache Behavior ::run [ RunTime:0.000465s ]
INFO: [ app_begin ] --END-- [ RunTime:0.000511s ]
NOTIC: [8] Undefined index: pw /www/wwwroot/www.sxscott.com/gujie/WEB/Lib/Action/IndexAction.class.php 第 6 行.

[ 2018-05-09T22:12:40+08:00 ] 223.95.7.163 /gujie/?name=123&pw=123
INFO: [ app_begin ] --START--
INFO: ReadHtmlCache Behavior ::run [ RunTime:0.000444s ]
INFO: [ app_begin ] --END-- [ RunTime:0.000565s ]

[ 2018-05-09T22:13:05+08:00 ] 223.95.7.163 /gujie/?name=12222&pw=2222
INFO: [ app_begin ] --START--
INFO: ReadHtmlCache Behavior ::run [ RunTime:0.000308s ]
INFO: [ app_begin ] --END-- [ RunTime:0.000358s ]

[ 2018-05-09T22:44:56+08:00 ] 223.95.7.163 /gujie/?name=111&pw=2222
INFO: [ app_begin ] --START--
INFO: ReadHtmlCache Behavior ::run [ RunTime:0.000310s ]
INFO: [ app_begin ] --END-- [ RunTime:0.000359s ]

